[1.024s] Invoking command in '/home/nazar/ros_workspaces/Thesis/src/my_ble_package': DEBUGINFOD_URLS=https://debuginfod.ubuntu.com PYTHONPATH=/home/nazar/ros_workspaces/Thesis/build/my_ble_package/prefix_override:/usr/lib/python3/dist-packages/colcon_core/task/python/colcon_distutils_commands:/home/nazar/ros_workspaces/Thesis/install/my_ble_package/lib/python3.12/site-packages:${PYTHONPATH} /usr/bin/python3 -W ignore:setup.py install is deprecated setup.py egg_info --egg-base ../../build/my_ble_package build --build-base /home/nazar/ros_workspaces/Thesis/build/my_ble_package/build install --record /home/nazar/ros_workspaces/Thesis/build/my_ble_package/install.log --single-version-externally-managed
[1.274s] running egg_info
[1.274s] creating ../../build/my_ble_package/my_ble_package.egg-info
[1.294s] writing ../../build/my_ble_package/my_ble_package.egg-info/PKG-INFO
[1.294s] writing dependency_links to ../../build/my_ble_package/my_ble_package.egg-info/dependency_links.txt
[1.294s] writing entry points to ../../build/my_ble_package/my_ble_package.egg-info/entry_points.txt
[1.294s] writing requirements to ../../build/my_ble_package/my_ble_package.egg-info/requires.txt
[1.294s] writing top-level names to ../../build/my_ble_package/my_ble_package.egg-info/top_level.txt
[1.294s] writing manifest file '../../build/my_ble_package/my_ble_package.egg-info/SOURCES.txt'
[1.335s] reading manifest file '../../build/my_ble_package/my_ble_package.egg-info/SOURCES.txt'
[1.335s] writing manifest file '../../build/my_ble_package/my_ble_package.egg-info/SOURCES.txt'
[1.336s] running build
[1.336s] running build_py
[1.336s] creating /home/nazar/ros_workspaces/Thesis/build/my_ble_package/build
[1.336s] creating /home/nazar/ros_workspaces/Thesis/build/my_ble_package/build/lib
[1.336s] creating /home/nazar/ros_workspaces/Thesis/build/my_ble_package/build/lib/my_ble_package
[1.336s] copying my_ble_package/imu_client_node.py -> /home/nazar/ros_workspaces/Thesis/build/my_ble_package/build/lib/my_ble_package
[1.336s] copying my_ble_package/ble_client_node.py -> /home/nazar/ros_workspaces/Thesis/build/my_ble_package/build/lib/my_ble_package
[1.336s] copying my_ble_package/__init__.py -> /home/nazar/ros_workspaces/Thesis/build/my_ble_package/build/lib/my_ble_package
[1.336s] running install
[1.344s] running install_lib
[1.365s] creating /home/nazar/ros_workspaces/Thesis/install/my_ble_package/lib/python3.12/site-packages/my_ble_package
[1.365s] copying /home/nazar/ros_workspaces/Thesis/build/my_ble_package/build/lib/my_ble_package/imu_client_node.py -> /home/nazar/ros_workspaces/Thesis/install/my_ble_package/lib/python3.12/site-packages/my_ble_package
[1.365s] copying /home/nazar/ros_workspaces/Thesis/build/my_ble_package/build/lib/my_ble_package/ble_client_node.py -> /home/nazar/ros_workspaces/Thesis/install/my_ble_package/lib/python3.12/site-packages/my_ble_package
[1.365s] copying /home/nazar/ros_workspaces/Thesis/build/my_ble_package/build/lib/my_ble_package/__init__.py -> /home/nazar/ros_workspaces/Thesis/install/my_ble_package/lib/python3.12/site-packages/my_ble_package
[1.366s] byte-compiling /home/nazar/ros_workspaces/Thesis/install/my_ble_package/lib/python3.12/site-packages/my_ble_package/imu_client_node.py to imu_client_node.cpython-312.pyc
[1.367s] byte-compiling /home/nazar/ros_workspaces/Thesis/install/my_ble_package/lib/python3.12/site-packages/my_ble_package/ble_client_node.py to ble_client_node.cpython-312.pyc
[1.368s] byte-compiling /home/nazar/ros_workspaces/Thesis/install/my_ble_package/lib/python3.12/site-packages/my_ble_package/__init__.py to __init__.cpython-312.pyc
[1.368s] running install_egg_info
[1.389s] Copying ../../build/my_ble_package/my_ble_package.egg-info to /home/nazar/ros_workspaces/Thesis/install/my_ble_package/lib/python3.12/site-packages/my_ble_package-0.0.0-py3.12.egg-info
[1.390s] running install_scripts
[1.530s] Installing ble_client_node script to /home/nazar/ros_workspaces/Thesis/install/my_ble_package/lib/my_ble_package
[1.531s] Installing imu_client_node script to /home/nazar/ros_workspaces/Thesis/install/my_ble_package/lib/my_ble_package
[1.531s] writing list of installed files to '/home/nazar/ros_workspaces/Thesis/build/my_ble_package/install.log'
[1.559s] Invoked command in '/home/nazar/ros_workspaces/Thesis/src/my_ble_package' returned '0': DEBUGINFOD_URLS=https://debuginfod.ubuntu.com PYTHONPATH=/home/nazar/ros_workspaces/Thesis/build/my_ble_package/prefix_override:/usr/lib/python3/dist-packages/colcon_core/task/python/colcon_distutils_commands:/home/nazar/ros_workspaces/Thesis/install/my_ble_package/lib/python3.12/site-packages:${PYTHONPATH} /usr/bin/python3 -W ignore:setup.py install is deprecated setup.py egg_info --egg-base ../../build/my_ble_package build --build-base /home/nazar/ros_workspaces/Thesis/build/my_ble_package/build install --record /home/nazar/ros_workspaces/Thesis/build/my_ble_package/install.log --single-version-externally-managed
