[1.510s] Invoking command in '/home/nazar/ros_workspaces/Thesis/src/my_ble_package': DEBUGINFOD_URLS=https://debuginfod.ubuntu.com PYTHONPATH=/home/nazar/ros_workspaces/Thesis/src/build/my_ble_package/prefix_override:/usr/lib/python3/dist-packages/colcon_core/task/python/colcon_distutils_commands:/home/nazar/ros_workspaces/Thesis/src/install/my_ble_package/lib/python3.12/site-packages:${PYTHONPATH} /usr/bin/python3 -W ignore:setup.py install is deprecated setup.py egg_info --egg-base ../build/my_ble_package build --build-base /home/nazar/ros_workspaces/Thesis/src/build/my_ble_package/build install --record /home/nazar/ros_workspaces/Thesis/src/build/my_ble_package/install.log --single-version-externally-managed
[1.736s] running egg_info
[1.754s] writing ../build/my_ble_package/my_ble_package.egg-info/PKG-INFO
[1.754s] writing dependency_links to ../build/my_ble_package/my_ble_package.egg-info/dependency_links.txt
[1.754s] writing entry points to ../build/my_ble_package/my_ble_package.egg-info/entry_points.txt
[1.754s] writing requirements to ../build/my_ble_package/my_ble_package.egg-info/requires.txt
[1.754s] writing top-level names to ../build/my_ble_package/my_ble_package.egg-info/top_level.txt
[1.790s] reading manifest file '../build/my_ble_package/my_ble_package.egg-info/SOURCES.txt'
[1.791s] writing manifest file '../build/my_ble_package/my_ble_package.egg-info/SOURCES.txt'
[1.791s] running build
[1.791s] running build_py
[1.791s] running install
[1.797s] running install_lib
[1.815s] running install_egg_info
[1.834s] removing '/home/nazar/ros_workspaces/Thesis/src/install/my_ble_package/lib/python3.12/site-packages/my_ble_package-0.0.0-py3.12.egg-info' (and everything under it)
[1.834s] Copying ../build/my_ble_package/my_ble_package.egg-info to /home/nazar/ros_workspaces/Thesis/src/install/my_ble_package/lib/python3.12/site-packages/my_ble_package-0.0.0-py3.12.egg-info
[1.835s] running install_scripts
[1.955s] Installing ble_client_node script to /home/nazar/ros_workspaces/Thesis/src/install/my_ble_package/lib/my_ble_package
[1.955s] writing list of installed files to '/home/nazar/ros_workspaces/Thesis/src/build/my_ble_package/install.log'
[1.980s] Invoked command in '/home/nazar/ros_workspaces/Thesis/src/my_ble_package' returned '0': DEBUGINFOD_URLS=https://debuginfod.ubuntu.com PYTHONPATH=/home/nazar/ros_workspaces/Thesis/src/build/my_ble_package/prefix_override:/usr/lib/python3/dist-packages/colcon_core/task/python/colcon_distutils_commands:/home/nazar/ros_workspaces/Thesis/src/install/my_ble_package/lib/python3.12/site-packages:${PYTHONPATH} /usr/bin/python3 -W ignore:setup.py install is deprecated setup.py egg_info --egg-base ../build/my_ble_package build --build-base /home/nazar/ros_workspaces/Thesis/src/build/my_ble_package/build install --record /home/nazar/ros_workspaces/Thesis/src/build/my_ble_package/install.log --single-version-externally-managed
