[1.830s] Invoking command in '/home/nazar/ros_workspaces/Thesis/src/my_ble_package': DEBUGINFOD_URLS=https://debuginfod.ubuntu.com PS1=\[\e]0;\u@\h: \w\a\]${debian_chroot:+($debian_chroot)}\[\033[01;32m\]\u@\h\[\033[00m\]:\[\033[01;34m\]\w\[\033[00m\]\$ PYTHONPATH=/home/nazar/ros_workspaces/Thesis/src/build/my_ble_package/prefix_override:/usr/lib/python3/dist-packages/colcon_core/task/python/colcon_distutils_commands:/home/nazar/ros_workspaces/Thesis/src/install/my_ble_package/lib/python3.12/site-packages: /usr/bin/python3 -W ignore:setup.py install is deprecated setup.py egg_info --egg-base ../build/my_ble_package build --build-base /home/nazar/ros_workspaces/Thesis/src/build/my_ble_package/build install --record /home/nazar/ros_workspaces/Thesis/src/build/my_ble_package/install.log --single-version-externally-managed
[2.040s] running egg_info
[2.040s] creating ../build/my_ble_package/my_ble_package.egg-info
[2.052s] writing ../build/my_ble_package/my_ble_package.egg-info/PKG-INFO
[2.052s] writing dependency_links to ../build/my_ble_package/my_ble_package.egg-info/dependency_links.txt
[2.053s] writing entry points to ../build/my_ble_package/my_ble_package.egg-info/entry_points.txt
[2.053s] writing requirements to ../build/my_ble_package/my_ble_package.egg-info/requires.txt
[2.053s] writing top-level names to ../build/my_ble_package/my_ble_package.egg-info/top_level.txt
[2.053s] writing manifest file '../build/my_ble_package/my_ble_package.egg-info/SOURCES.txt'
[2.077s] reading manifest file '../build/my_ble_package/my_ble_package.egg-info/SOURCES.txt'
[2.078s] writing manifest file '../build/my_ble_package/my_ble_package.egg-info/SOURCES.txt'
[2.078s] running build
[2.078s] running build_py
[2.078s] creating /home/nazar/ros_workspaces/Thesis/src/build/my_ble_package/build
[2.078s] creating /home/nazar/ros_workspaces/Thesis/src/build/my_ble_package/build/lib
[2.078s] creating /home/nazar/ros_workspaces/Thesis/src/build/my_ble_package/build/lib/my_ble_package
[2.078s] copying my_ble_package/ble_client_node.py -> /home/nazar/ros_workspaces/Thesis/src/build/my_ble_package/build/lib/my_ble_package
[2.079s] copying my_ble_package/__init__.py -> /home/nazar/ros_workspaces/Thesis/src/build/my_ble_package/build/lib/my_ble_package
[2.079s] running install
[2.084s] running install_lib
[2.096s] creating /home/nazar/ros_workspaces/Thesis/src/install/my_ble_package/lib/python3.12/site-packages/my_ble_package
[2.097s] copying /home/nazar/ros_workspaces/Thesis/src/build/my_ble_package/build/lib/my_ble_package/ble_client_node.py -> /home/nazar/ros_workspaces/Thesis/src/install/my_ble_package/lib/python3.12/site-packages/my_ble_package
[2.097s] copying /home/nazar/ros_workspaces/Thesis/src/build/my_ble_package/build/lib/my_ble_package/__init__.py -> /home/nazar/ros_workspaces/Thesis/src/install/my_ble_package/lib/python3.12/site-packages/my_ble_package
[2.097s] byte-compiling /home/nazar/ros_workspaces/Thesis/src/install/my_ble_package/lib/python3.12/site-packages/my_ble_package/ble_client_node.py to ble_client_node.cpython-312.pyc
[2.098s] byte-compiling /home/nazar/ros_workspaces/Thesis/src/install/my_ble_package/lib/python3.12/site-packages/my_ble_package/__init__.py to __init__.cpython-312.pyc
[2.098s] running install_egg_info
[2.111s] Copying ../build/my_ble_package/my_ble_package.egg-info to /home/nazar/ros_workspaces/Thesis/src/install/my_ble_package/lib/python3.12/site-packages/my_ble_package-0.0.0-py3.12.egg-info
[2.112s] running install_scripts
[2.202s] Installing ble_client_node script to /home/nazar/ros_workspaces/Thesis/src/install/my_ble_package/lib/my_ble_package
[2.202s] writing list of installed files to '/home/nazar/ros_workspaces/Thesis/src/build/my_ble_package/install.log'
[2.225s] Invoked command in '/home/nazar/ros_workspaces/Thesis/src/my_ble_package' returned '0': DEBUGINFOD_URLS=https://debuginfod.ubuntu.com PS1=\[\e]0;\u@\h: \w\a\]${debian_chroot:+($debian_chroot)}\[\033[01;32m\]\u@\h\[\033[00m\]:\[\033[01;34m\]\w\[\033[00m\]\$ PYTHONPATH=/home/nazar/ros_workspaces/Thesis/src/build/my_ble_package/prefix_override:/usr/lib/python3/dist-packages/colcon_core/task/python/colcon_distutils_commands:/home/nazar/ros_workspaces/Thesis/src/install/my_ble_package/lib/python3.12/site-packages: /usr/bin/python3 -W ignore:setup.py install is deprecated setup.py egg_info --egg-base ../build/my_ble_package build --build-base /home/nazar/ros_workspaces/Thesis/src/build/my_ble_package/build install --record /home/nazar/ros_workspaces/Thesis/src/build/my_ble_package/install.log --single-version-externally-managed
