[0.215s] Invoking command in '/home/nazar/ros_workspaces/Thesis/build/arm_transforms': CMAKE_PREFIX_PATH=${CMAKE_PREFIX_PATH}:/opt/ros/jazzy DEBUGINFOD_URLS=https://debuginfod.ubuntu.com /usr/bin/cmake /home/nazar/ros_workspaces/Thesis/src/arm_transforms -DCMAKE_INSTALL_PREFIX=/home/nazar/ros_workspaces/Thesis/install/arm_transforms
[1.248s] -- The C compiler identification is GNU 13.2.0
[1.891s] -- The CXX compiler identification is GNU 13.2.0
[2.012s] -- Detecting C compiler ABI info
[2.216s] -- Detecting C compiler ABI info - done
[2.225s] -- Check for working C compiler: /usr/bin/cc - skipped
[2.226s] -- Detecting C compile features
[2.243s] -- Detecting C compile features - done
[2.261s] -- Detecting CXX compiler ABI info
[2.353s] -- Detecting CXX compiler ABI info - done
[2.363s] -- Check for working CXX compiler: /usr/bin/c++ - skipped
[2.363s] -- Detecting CXX compile features
[2.363s] -- Detecting CXX compile features - done
[2.428s] -- Found ament_cmake: 2.5.2 (/opt/ros/jazzy/share/ament_cmake/cmake)
[2.659s] -- Found Python3: /usr/bin/python3 (found version "3.12.3") found components: Interpreter 
[2.911s] -- Found geometry_msgs: 5.3.5 (/opt/ros/jazzy/share/geometry_msgs/cmake)
[3.171s] -- Found rosidl_generator_c: 4.6.3 (/opt/ros/jazzy/share/rosidl_generator_c/cmake)
[3.201s] -- Found rosidl_generator_cpp: 4.6.3 (/opt/ros/jazzy/share/rosidl_generator_cpp/cmake)
[3.243s] -- Using all available rosidl_typesupport_c: rosidl_typesupport_fastrtps_c;rosidl_typesupport_introspection_c
[3.348s] -- Using all available rosidl_typesupport_cpp: rosidl_typesupport_fastrtps_cpp;rosidl_typesupport_introspection_cpp
[3.465s] -- Found rclcpp: 28.1.3 (/opt/ros/jazzy/share/rclcpp/cmake)
[3.737s] -- Found rmw_implementation_cmake: 7.3.1 (/opt/ros/jazzy/share/rmw_implementation_cmake/cmake)
[3.775s] -- Found rmw_fastrtps_cpp: 8.4.1 (/opt/ros/jazzy/share/rmw_fastrtps_cpp/cmake)
[4.193s] -- Found OpenSSL: /usr/lib/x86_64-linux-gnu/libcrypto.so (found version "3.0.13")  
[4.257s] -- Found FastRTPS: /opt/ros/jazzy/include (Required is at least version "2.13") 
[4.280s] -- Using RMW implementation 'rmw_fastrtps_cpp' as default
[4.497s] -- Found tf2: 0.36.4 (/opt/ros/jazzy/share/tf2/cmake)
[4.525s] -- Found tf2_ros: 0.36.4 (/opt/ros/jazzy/share/tf2_ros/cmake)
[5.012s] -- Found tf2_geometry_msgs: 0.36.4 (/opt/ros/jazzy/share/tf2_geometry_msgs/cmake)
[5.104s] -- Found eigen3_cmake_module: 0.3.0 (/opt/ros/jazzy/share/eigen3_cmake_module/cmake)
[5.107s] -- Found Eigen3: TRUE (found version "3.4.0") 
[5.107s] -- Ensuring Eigen3 include directory is part of orocos-kdl CMake target
[5.113s] -- Found ament_lint_auto: 0.17.1 (/opt/ros/jazzy/share/ament_lint_auto/cmake)
[5.377s] -- Added test 'cppcheck' to perform static code analysis on C / C++ code
[5.377s] -- Configured cppcheck include dirs: $<BUILD_INTERFACE:/home/nazar/ros_workspaces/Thesis/src/arm_transforms/include>
[5.377s] -- Configured cppcheck exclude dirs and/or files: 
[5.403s] -- Added test 'lint_cmake' to check CMake code style
[5.405s] -- Added test 'uncrustify' to check C / C++ code style
[5.405s] -- Configured uncrustify additional arguments: 
[5.407s] -- Added test 'xmllint' to check XML markup files
[5.409s] -- Configuring done (5.2s)
[5.499s] -- Generating done (0.1s)
[5.501s] -- Build files have been written to: /home/nazar/ros_workspaces/Thesis/build/arm_transforms
[5.511s] Invoked command in '/home/nazar/ros_workspaces/Thesis/build/arm_transforms' returned '0': CMAKE_PREFIX_PATH=${CMAKE_PREFIX_PATH}:/opt/ros/jazzy DEBUGINFOD_URLS=https://debuginfod.ubuntu.com /usr/bin/cmake /home/nazar/ros_workspaces/Thesis/src/arm_transforms -DCMAKE_INSTALL_PREFIX=/home/nazar/ros_workspaces/Thesis/install/arm_transforms
[5.512s] Invoking command in '/home/nazar/ros_workspaces/Thesis/build/arm_transforms': CMAKE_PREFIX_PATH=${CMAKE_PREFIX_PATH}:/opt/ros/jazzy DEBUGINFOD_URLS=https://debuginfod.ubuntu.com /usr/bin/cmake --build /home/nazar/ros_workspaces/Thesis/build/arm_transforms -- -j12 -l12
[5.559s] [ 50%] [32mBuilding CXX object CMakeFiles/base2shoulder.dir/src/base2shoulder.cpp.o[0m
[16.862s] [100%] [32m[1mLinking CXX executable base2shoulder[0m
[17.791s] [100%] Built target base2shoulder
[17.801s] Invoked command in '/home/nazar/ros_workspaces/Thesis/build/arm_transforms' returned '0': CMAKE_PREFIX_PATH=${CMAKE_PREFIX_PATH}:/opt/ros/jazzy DEBUGINFOD_URLS=https://debuginfod.ubuntu.com /usr/bin/cmake --build /home/nazar/ros_workspaces/Thesis/build/arm_transforms -- -j12 -l12
[17.830s] Invoking command in '/home/nazar/ros_workspaces/Thesis/build/arm_transforms': CMAKE_PREFIX_PATH=${CMAKE_PREFIX_PATH}:/opt/ros/jazzy DEBUGINFOD_URLS=https://debuginfod.ubuntu.com /usr/bin/cmake --install /home/nazar/ros_workspaces/Thesis/build/arm_transforms
[17.837s] -- Install configuration: ""
[17.837s] -- Installing: /home/nazar/ros_workspaces/Thesis/install/arm_transforms/lib/arm_transforms/base2shoulder
[17.841s] -- Set non-toolchain portion of runtime path of "/home/nazar/ros_workspaces/Thesis/install/arm_transforms/lib/arm_transforms/base2shoulder" to ""
[17.842s] -- Installing: /home/nazar/ros_workspaces/Thesis/install/arm_transforms/share/ament_index/resource_index/package_run_dependencies/arm_transforms
[17.842s] -- Installing: /home/nazar/ros_workspaces/Thesis/install/arm_transforms/share/ament_index/resource_index/parent_prefix_path/arm_transforms
[17.842s] -- Installing: /home/nazar/ros_workspaces/Thesis/install/arm_transforms/share/arm_transforms/environment/ament_prefix_path.sh
[17.842s] -- Installing: /home/nazar/ros_workspaces/Thesis/install/arm_transforms/share/arm_transforms/environment/ament_prefix_path.dsv
[17.842s] -- Installing: /home/nazar/ros_workspaces/Thesis/install/arm_transforms/share/arm_transforms/environment/path.sh
[17.842s] -- Installing: /home/nazar/ros_workspaces/Thesis/install/arm_transforms/share/arm_transforms/environment/path.dsv
[17.842s] -- Installing: /home/nazar/ros_workspaces/Thesis/install/arm_transforms/share/arm_transforms/local_setup.bash
[17.843s] -- Installing: /home/nazar/ros_workspaces/Thesis/install/arm_transforms/share/arm_transforms/local_setup.sh
[17.843s] -- Installing: /home/nazar/ros_workspaces/Thesis/install/arm_transforms/share/arm_transforms/local_setup.zsh
[17.843s] -- Installing: /home/nazar/ros_workspaces/Thesis/install/arm_transforms/share/arm_transforms/local_setup.dsv
[17.843s] -- Installing: /home/nazar/ros_workspaces/Thesis/install/arm_transforms/share/arm_transforms/package.dsv
[17.843s] -- Installing: /home/nazar/ros_workspaces/Thesis/install/arm_transforms/share/ament_index/resource_index/packages/arm_transforms
[17.843s] -- Installing: /home/nazar/ros_workspaces/Thesis/install/arm_transforms/share/arm_transforms/cmake/arm_transformsConfig.cmake
[17.843s] -- Installing: /home/nazar/ros_workspaces/Thesis/install/arm_transforms/share/arm_transforms/cmake/arm_transformsConfig-version.cmake
[17.843s] -- Installing: /home/nazar/ros_workspaces/Thesis/install/arm_transforms/share/arm_transforms/package.xml
[17.845s] Invoked command in '/home/nazar/ros_workspaces/Thesis/build/arm_transforms' returned '0': CMAKE_PREFIX_PATH=${CMAKE_PREFIX_PATH}:/opt/ros/jazzy DEBUGINFOD_URLS=https://debuginfod.ubuntu.com /usr/bin/cmake --install /home/nazar/ros_workspaces/Thesis/build/arm_transforms
