running egg_info
creating ../../build/arm_control/arm_control.egg-info
writing ../../build/arm_control/arm_control.egg-info/PKG-INFO
writing dependency_links to ../../build/arm_control/arm_control.egg-info/dependency_links.txt
writing entry points to ../../build/arm_control/arm_control.egg-info/entry_points.txt
writing requirements to ../../build/arm_control/arm_control.egg-info/requires.txt
writing top-level names to ../../build/arm_control/arm_control.egg-info/top_level.txt
writing manifest file '../../build/arm_control/arm_control.egg-info/SOURCES.txt'
reading manifest file '../../build/arm_control/arm_control.egg-info/SOURCES.txt'
adding license file 'LICENSE'
writing manifest file '../../build/arm_control/arm_control.egg-info/SOURCES.txt'
running build
running build_py
creating /home/nazar/ros_workspaces/Thesis/build/arm_control/build
creating /home/nazar/ros_workspaces/Thesis/build/arm_control/build/lib
creating /home/nazar/ros_workspaces/Thesis/build/arm_control/build/lib/arm_control
copying arm_control/__init__.py -> /home/nazar/ros_workspaces/Thesis/build/arm_control/build/lib/arm_control
copying arm_control/arm_control.py -> /home/nazar/ros_workspaces/Thesis/build/arm_control/build/lib/arm_control
running install
running install_lib
creating /home/nazar/ros_workspaces/Thesis/install/arm_control/lib/python3.12/site-packages/arm_control
copying /home/nazar/ros_workspaces/Thesis/build/arm_control/build/lib/arm_control/__init__.py -> /home/nazar/ros_workspaces/Thesis/install/arm_control/lib/python3.12/site-packages/arm_control
copying /home/nazar/ros_workspaces/Thesis/build/arm_control/build/lib/arm_control/arm_control.py -> /home/nazar/ros_workspaces/Thesis/install/arm_control/lib/python3.12/site-packages/arm_control
byte-compiling /home/nazar/ros_workspaces/Thesis/install/arm_control/lib/python3.12/site-packages/arm_control/__init__.py to __init__.cpython-312.pyc
byte-compiling /home/nazar/ros_workspaces/Thesis/install/arm_control/lib/python3.12/site-packages/arm_control/arm_control.py to arm_control.cpython-312.pyc
running install_data
creating /home/nazar/ros_workspaces/Thesis/install/arm_control/share/ament_index
creating /home/nazar/ros_workspaces/Thesis/install/arm_control/share/ament_index/resource_index
creating /home/nazar/ros_workspaces/Thesis/install/arm_control/share/ament_index/resource_index/packages
copying resource/arm_control -> /home/nazar/ros_workspaces/Thesis/install/arm_control/share/ament_index/resource_index/packages
copying package.xml -> /home/nazar/ros_workspaces/Thesis/install/arm_control/share/arm_control
running install_egg_info
Copying ../../build/arm_control/arm_control.egg-info to /home/nazar/ros_workspaces/Thesis/install/arm_control/lib/python3.12/site-packages/arm_control-0.0.0-py3.12.egg-info
running install_scripts
Installing arm_control script to /home/nazar/ros_workspaces/Thesis/install/arm_control/lib/arm_control
writing list of installed files to '/home/nazar/ros_workspaces/Thesis/build/arm_control/install.log'
